<?xml version="1.0" encoding="UTF-8"?>
<!-- Generated by org.testng.reporters.JUnitReportReporter -->
<testsuite hostname="USQV1447" failures="0" tests="1" name="lgs.portal.testcases.LgsHATVTest" time="19.709" errors="0" timestamp="2021-09-30T15:39:22 SGT" skipped="0">
  <testcase classname="lgs.portal.testcases.LgsHATVTest" name="GoToHATVCasesPage" time="19.709"/>
  <system-out/>
</testsuite> <!-- lgs.portal.testcases.LgsHATVTest -->
