<?xml version="1.0" encoding="UTF-8"?>
<!-- Generated by org.testng.reporters.JUnitReportReporter -->
<testsuite hostname="USQV1447" failures="0" tests="1" name="lgs.analytics.testcases.HATVTest" time="59.992" errors="0" timestamp="2021-09-30T16:39:06 SGT" skipped="0">
  <testcase classname="lgs.analytics.testcases.HATVTest" name="validateVolumeFluc" time="59.992"/>
  <system-out/>
</testsuite> <!-- lgs.analytics.testcases.HATVTest -->
