<?xml version="1.0" encoding="UTF-8"?>
<!-- Generated by org.testng.reporters.JUnitReportReporter -->
<testsuite hostname="USQV1447" failures="0" tests="1" name="lgs.analytics.testcases.ABOCountTest" time="63.852" errors="0" timestamp="2021-10-04T14:33:37 SGT" skipped="0">
  <testcase classname="lgs.analytics.testcases.ABOCountTest" name="validateGroupSize" time="63.852"/>
  <system-out/>
</testsuite> <!-- lgs.analytics.testcases.ABOCountTest -->
