<?xml version="1.0" encoding="UTF-8"?>
<!-- Generated by org.testng.reporters.JUnitReportReporter -->
<testsuite hostname="USQV1447" failures="0" tests="3" name="lgs.analytics.testcases.HATVTest" time="193.831" errors="0" timestamp="2021-10-27T09:22:33 SGT" skipped="0">
  <testcase classname="lgs.analytics.testcases.HATVTest" name="validateQualifyMonthsValue" time="64.797"/>
  <system-out/>
  <testcase classname="lgs.analytics.testcases.HATVTest" name="validateVolumeFluc" time="59.935"/>
  <system-out/>
  <testcase classname="lgs.analytics.testcases.HATVTest" name="validateVolumeFlucMonthlyValue" time="69.099"/>
  <system-out/>
</testsuite> <!-- lgs.analytics.testcases.HATVTest -->
