<?xml version="1.0" encoding="UTF-8"?>
<!-- Generated by org.testng.reporters.JUnitReportReporter -->
<testsuite hostname="USQV1447" failures="0" tests="1" name="lgs.analytics.testcases.ABOCountTest" time="54.681" errors="0" timestamp="2021-10-01T16:26:05 SGT" skipped="0">
  <testcase classname="lgs.analytics.testcases.ABOCountTest" name="validateGroupSize" time="54.681"/>
  <system-out/>
</testsuite> <!-- lgs.analytics.testcases.ABOCountTest -->
