<?xml version="1.0" encoding="UTF-8"?>
<!-- Generated by org.testng.reporters.JUnitReportReporter -->
<testsuite hostname="USQV1447" failures="0" tests="1" name="lgs.portal.testcases.LgsHATVTest" time="19.787" errors="0" timestamp="2021-10-01T12:11:48 SGT" skipped="0">
  <testcase classname="lgs.portal.testcases.LgsHATVTest" name="GoToHATVCasesPage" time="19.787"/>
  <system-out/>
</testsuite> <!-- lgs.portal.testcases.LgsHATVTest -->
