<?xml version="1.0" encoding="UTF-8"?>
<!-- Generated by org.testng.reporters.JUnitReportReporter -->
<testsuite hostname="USQV1447" failures="0" tests="1" name="lgs.analytics.testcases.LgsLoginTest" time="14.832" errors="0" timestamp="2021-09-10T18:38:14 SGT" skipped="0">
  <testcase classname="lgs.analytics.testcases.LgsLoginTest" name="LoginInTest" time="14.832"/>
  <system-out/>
</testsuite> <!-- lgs.analytics.testcases.LgsLoginTest -->
