<?xml version="1.0" encoding="UTF-8"?>
<!-- Generated by org.testng.reporters.JUnitReportReporter -->
<testsuite hostname="USQV1447" failures="0" tests="1" name="lgs.analytics.testcases.ABOAccountDashboardTest" time="54.122" errors="0" timestamp="2021-10-06T11:05:00 SGT" skipped="0">
  <testcase classname="lgs.analytics.testcases.ABOAccountDashboardTest" name="ValidateIncomePage" time="54.122"/>
  <system-out/>
</testsuite> <!-- lgs.analytics.testcases.ABOAccountDashboardTest -->
