<?xml version="1.0" encoding="UTF-8"?>
<!-- Generated by org.testng.reporters.JUnitReportReporter -->
<testsuite hostname="USQV1447" failures="0" tests="1" name="lgs.extentreports.test.ExtentReportsFive" time="2.031" errors="0" timestamp="2021-10-08T14:50:27 SGT" skipped="0">
  <testcase classname="lgs.extentreports.test.ExtentReportsFive" name="extendTest" time="2.031"/>
  <system-out/>
</testsuite> <!-- lgs.extentreports.test.ExtentReportsFive -->
