<?xml version="1.0" encoding="UTF-8"?>
<!-- Generated by org.testng.reporters.JUnitReportReporter -->
<testsuite hostname="USQV1447" failures="0" tests="1" name="lgs.analytics.testcases.ABOAccountDashboardTest" time="54.535" errors="0" timestamp="2021-10-21T15:08:21 SGT" skipped="0">
  <testcase classname="lgs.analytics.testcases.ABOAccountDashboardTest" name="ValidateIncomePage" time="54.535"/>
  <system-out/>
</testsuite> <!-- lgs.analytics.testcases.ABOAccountDashboardTest -->
