<?xml version="1.0" encoding="UTF-8"?>
<!-- Generated by org.testng.reporters.JUnitReportReporter -->
<testsuite hostname="USQV1447" failures="0" tests="1" name="lgs.extentreports.test.AttachScreenshotTest" time="5.099" errors="0" timestamp="2021-10-10T14:26:56 SGT" skipped="0">
  <testcase classname="lgs.extentreports.test.AttachScreenshotTest" name="attachScreenShot" time="5.099"/>
  <system-out/>
</testsuite> <!-- lgs.extentreports.test.AttachScreenshotTest -->
