<?xml version="1.0" encoding="UTF-8"?>
<!-- Generated by org.testng.reporters.JUnitReportReporter -->
<testsuite hostname="USQV1447" failures="0" tests="1" name="lgs.analytics.testcases.HATVTest" time="67.852" errors="0" timestamp="2021-10-04T11:24:00 SGT" skipped="0">
  <testcase classname="lgs.analytics.testcases.HATVTest" name="validateVolumeFlucMonthlyValue" time="67.852"/>
  <system-out/>
</testsuite> <!-- lgs.analytics.testcases.HATVTest -->
