<?xml version="1.0" encoding="UTF-8"?>
<!-- Generated by org.testng.reporters.JUnitReportReporter -->
<testsuite hostname="USQV1447" failures="0" tests="1" name="lgs.analytics.testcases.SignInTest" time="18.542" errors="0" timestamp="2021-09-10T10:27:54 SGT" skipped="0">
  <testcase classname="lgs.analytics.testcases.SignInTest" name="LoginProdEnv" time="18.542"/>
  <system-out/>
</testsuite> <!-- lgs.analytics.testcases.SignInTest -->
