<?xml version="1.0" encoding="UTF-8"?>
<!-- Generated by org.testng.reporters.JUnitReportReporter -->
<testsuite hostname="USQV1447" failures="0" tests="1" name="lgs.analytics.testcases.ABOAccountDashboardTest" time="50.488" errors="0" timestamp="2021-09-30T09:55:33 SGT" skipped="0">
  <testcase classname="lgs.analytics.testcases.ABOAccountDashboardTest" name="ABO_AccountDashboard_KPIs_Display" time="50.488"/>
  <system-out/>
</testsuite> <!-- lgs.analytics.testcases.ABOAccountDashboardTest -->
